<?xml version="1.0" encoding="UTF-8"?>
<coverage generated="1773902300235" clover="3.2.0">
  <project timestamp="1773902300235" name="All files">
    <metrics statements="2" coveredstatements="2" conditionals="0" coveredconditionals="0" methods="1" coveredmethods="1" elements="3" coveredelements="3" complexity="0" loc="2" ncloc="2" packages="1" files="2" classes="2"/>
    <file name="App.css" path="/Users/technogise/Desktop/leavify-frontend/src/App.css">
      <metrics statements="0" coveredstatements="0" conditionals="0" coveredconditionals="0" methods="0" coveredmethods="0"/>
    </file>
    <file name="App.tsx" path="/Users/technogise/Desktop/leavify-frontend/src/App.tsx">
      <metrics statements="2" coveredstatements="2" conditionals="0" coveredconditionals="0" methods="1" coveredmethods="1"/>
      <line num="3" count="1" type="stmt"/>
      <line num="4" count="1" type="stmt"/>
    </file>
  </project>
</coverage>
