{"/Users/technogise/Desktop/leavify-frontend/src/App.css": {"path":"/Users/technogise/Desktop/leavify-frontend/src/App.css","statementMap":{},"fnMap":{},"branchMap":{},"s":{},"f":{},"b":{},"meta":{"lastBranch":0,"lastFunction":0,"lastStatement":0,"seen":{}}}
,"/Users/technogise/Desktop/leavify-frontend/src/App.tsx": {"path":"/Users/technogise/Desktop/leavify-frontend/src/App.tsx","statementMap":{"0":{"start":{"line":3,"column":12},"end":{"line":9,"column":null}},"1":{"start":{"line":4,"column":4},"end":{"line":7,"column":null}}},"fnMap":{"0":{"name":"(anonymous_0)","decl":{"start":{"line":3,"column":12},"end":{"line":3,"column":18}},"loc":{"start":{"line":3,"column":18},"end":{"line":9,"column":null}},"line":3}},"branchMap":{},"s":{"0":1,"1":1},"f":{"0":1},"b":{},"meta":{"lastBranch":0,"lastFunction":1,"lastStatement":2,"seen":{"s:3:12:9:Infinity":0,"f:3:12:3:18":0,"s:4:4:7:Infinity":1}}}
}
