{"/Users/technogise/Desktop/leavify-frontend/src/App.css": {"path":"/Users/technogise/Desktop/leavify-frontend/src/App.css","statementMap":{},"fnMap":{},"branchMap":{},"s":{},"f":{},"b":{},"meta":{"lastBranch":0,"lastFunction":0,"lastStatement":0,"seen":{}}}
,"/Users/technogise/Desktop/leavify-frontend/src/App.tsx": {"path":"/Users/technogise/Desktop/leavify-frontend/src/App.tsx","statementMap":{"0":{"start":{"line":3,"column":12},"end":{"line":9,"column":null}},"1":{"start":{"line":4,"column":4},"end":{"line":7,"column":null}}},"fnMap":{"0":{"name":"(anonymous_0)","decl":{"start":{"line":3,"column":12},"end":{"line":3,"column":18}},"loc":{"start":{"line":3,"column":18},"end":{"line":9,"column":null}},"line":3}},"branchMap":{},"s":{"0":1,"1":1},"f":{"0":1},"b":{},"meta":{"lastBranch":0,"lastFunction":1,"lastStatement":2,"seen":{"s:3:12:9:Infinity":0,"f:3:12:3:18":0,"s:4:4:7:Infinity":1}}}
,"/Users/technogise/Desktop/leavify-frontend/src/pages/Homepage.tsx": {"path":"/Users/technogise/Desktop/leavify-frontend/src/pages/Homepage.tsx","statementMap":{"0":{"start":{"line":2,"column":21},"end":{"line":2,"column":null}},"1":{"start":{"line":3,"column":2},"end":{"line":12,"column":null}}},"fnMap":{"0":{"name":"Homepage","decl":{"start":{"line":1,"column":24},"end":{"line":1,"column":35}},"loc":{"start":{"line":1,"column":35},"end":{"line":14,"column":null}},"line":1}},"branchMap":{"0":{"loc":{"start":{"line":11,"column":13},"end":{"line":11,"column":null}},"type":"cond-expr","locations":[{"start":{"line":11,"column":26},"end":{"line":11,"column":33}},{"start":{"line":11,"column":33},"end":{"line":11,"column":null}}],"line":11}},"s":{"0":1,"1":1},"f":{"0":1},"b":{"0":[1,0]},"meta":{"lastBranch":1,"lastFunction":1,"lastStatement":2,"seen":{"f:1:24:1:35":0,"s:2:21:2:Infinity":0,"s:3:2:12:Infinity":1,"b:11:26:11:33:11:33:11:Infinity":0}}}
}
